#
# There is insufficient memory for the Java Runtime Environment to continue.
# Native memory allocation (mmap) failed to map 132120576 bytes for G1 virtual space
# Possible reasons:
#   The system is out of physical RAM or swap space
#   The process is running with CompressedOops enabled, and the Java Heap may be blocking the growth of the native heap
# Possible solutions:
#   Reduce memory load on the system
#   Increase physical memory or swap space
#   Check if swap backing store is full
#   Decrease Java heap size (-Xmx/-Xms)
#   Decrease number of Java threads
#   Decrease Java thread stack sizes (-Xss)
#   Set larger code cache with -XX:ReservedCodeCacheSize=
#   JVM is running with Unscaled Compressed Oops mode in which the Java heap is
#     placed in the first 4GB address space. The Java Heap base address is the
#     maximum limit for the native heap growth. Please use -XX:HeapBaseMinAddress
#     to set the Java Heap base and to place the Java Heap above 4GB virtual address.
# This output file may be truncated or incomplete.
#
#  Out of Memory Error (os_windows.cpp:3617), pid=31084, tid=2364
#
# JRE version:  (17.0.8+7) (build )
# Java VM: OpenJDK 64-Bit Server VM (17.0.8+7, mixed mode, sharing, tiered, compressed oops, compressed class ptrs, g1 gc, windows-amd64)
# No core dump will be written. Minidumps are not enabled by default on client versions of Windows
#

---------------  S U M M A R Y ------------

Command Line: -Dfile.encoding=UTF-8 -XX:+ShowCodeDetailsInExceptionMessages principal.Main

Host: Intel(R) Core(TM) i3-1005G1 CPU @ 1.20GHz, 4 cores, 7G,  Windows 11 , 64 bit Build 22621 (10.0.22621.2215)
Time: Thu Oct 12 23:25:29 2023 Hora oficial do Brasil elapsed time: 0.039196 seconds (0d 0h 0m 0s)

---------------  T H R E A D  ---------------

Current thread (0x000002b86bcbe1b0):  JavaThread "Unknown thread" [_thread_in_vm, id=2364, stack(0x000000df3fb00000,0x000000df3fc00000)]

Stack: [0x000000df3fb00000,0x000000df3fc00000]
Native frames: (J=compiled Java code, j=interpreted, Vv=VM code, C=native code)
V  [jvm.dll+0x678b0a]
V  [jvm.dll+0x835e84]
V  [jvm.dll+0x83762e]
V  [jvm.dll+0x837c93]
V  [jvm.dll+0x24746f]
V  [jvm.dll+0x675859]
V  [jvm.dll+0x66a0ea]
V  [jvm.dll+0x306c7b]
V  [jvm.dll+0x30e166]
V  [jvm.dll+0x35dd3e]
V  [jvm.dll+0x35df6f]
V  [jvm.dll+0x2ddb48]
V  [jvm.dll+0x2deab4]
V  [jvm.dll+0x807f31]
V  [jvm.dll+0x36bb21]
V  [jvm.dll+0x7e733c]
V  [jvm.dll+0x3ee4af]
V  [jvm.dll+0x3f00c1]
C  [jli.dll+0x528b]
C  [ucrtbase.dll+0x29363]
C  [KERNEL32.DLL+0x1257d]
C  [ntdll.dll+0x5aa68]


---------------  P R O C E S S  ---------------

Threads class SMR info:
_java_thread_list=0x00007ffb75bba018, length=0, elements={
}

Java Threads: ( => current thread )

Other Threads:
  0x000002b86bd17b80 GCTaskThread "GC Thread#0" [stack: 0x000000df3fc00000,0x000000df3fd00000] [id=26512]
  0x000002b86bd29050 ConcurrentGCThread "G1 Main Marker" [stack: 0x000000df3fd00000,0x000000df3fe00000] [id=7196]
  0x000002b86bd2c360 ConcurrentGCThread "G1 Conc#0" [stack: 0x000000df3fe00000,0x000000df3ff00000] [id=34804]

[error occurred during error reporting (printing all threads), id 0xc0000005, EXCEPTION_ACCESS_VIOLATION (0xc0000005) at pc=0x00007ffb7538e587]

VM state: not at safepoint (not fully initialized)

VM Mutex/Monitor currently owned by a thread:  ([mutex/lock_event])
[0x000002b869a9d200] Heap_lock - owner thread: 0x000002b86bcbe1b0

Heap address: 0x0000000083a00000, size: 1990 MB, Compressed Oops mode: 32-bit

CDS archive(s) mapped at: [0x0000000000000000-0x0000000000000000-0x0000000000000000), size 0, SharedBaseAddress: 0x0000000800000000, ArchiveRelocationMode: 1.
Narrow klass base: 0x0000000000000000, Narrow klass shift: 0, Narrow klass range: 0x0

GC Precious Log:
<Empty>

Heap:
 garbage-first heap   total 0K, used 0K [0x0000000083a00000, 0x0000000100000000)
  region size 1024K, 0 young (0K), 0 survivors (0K)

[error occurred during error reporting (printing heap information), id 0xc0000005, EXCEPTION_ACCESS_VIOLATION (0xc0000005) at pc=0x00007ffb75772699]

GC Heap History (0 events):
No events

Dll operation events (1 events):
Event: 0.029 Loaded shared library C:\Users\joice\.p2\pool\plugins\org.eclipse.justj.openjdk.hotspot.jre.full.win32.x86_64_17.0.8.v20230801-1951\jre\bin\java.dll

Deoptimization events (0 events):
No events

Classes unloaded (0 events):
No events

Classes redefined (0 events):
No events

Internal exceptions (0 events):
No events

VM Operations (0 events):
No events

Events (0 events):
No events


Dynamic libraries:
0x00007ff601430000 - 0x00007ff60143e000 	C:\Users\joice\.p2\pool\plugins\org.eclipse.justj.openjdk.hotspot.jre.full.win32.x86_64_17.0.8.v20230801-1951\jre\bin\javaw.exe
0x00007ffc08950000 - 0x00007ffc08b64000 	C:\WINDOWS\SYSTEM32\ntdll.dll
0x00007ffc07eb0000 - 0x00007ffc07f74000 	C:\WINDOWS\System32\KERNEL32.DLL
0x00007ffc05dc0000 - 0x00007ffc06164000 	C:\WINDOWS\System32\KERNELBASE.dll
0x00000000681a0000 - 0x00000000684d2000 	C:\Program Files\Norton Security\NortonData\22.23.5.106\Definitions\IPSDefs\20231012.001\IPSEng64.dll
0x00007ffc08670000 - 0x00007ffc08720000 	C:\WINDOWS\System32\ADVAPI32.dll
0x00007ffc085c0000 - 0x00007ffc08667000 	C:\WINDOWS\System32\msvcrt.dll
0x00007ffc08720000 - 0x00007ffc087c6000 	C:\WINDOWS\System32\sechost.dll
0x00007ffc07700000 - 0x00007ffc07817000 	C:\WINDOWS\System32\RPCRT4.dll
0x00007ffc08230000 - 0x00007ffc08238000 	C:\WINDOWS\System32\PSAPI.DLL
0x00007ffc06430000 - 0x00007ffc06541000 	C:\WINDOWS\System32\ucrtbase.dll
0x00007ffbdfaf0000 - 0x00007ffbdfb07000 	C:\Users\joice\.p2\pool\plugins\org.eclipse.justj.openjdk.hotspot.jre.full.win32.x86_64_17.0.8.v20230801-1951\jre\bin\jli.dll
0x00007ffbdfad0000 - 0x00007ffbdfae9000 	C:\Users\joice\.p2\pool\plugins\org.eclipse.justj.openjdk.hotspot.jre.full.win32.x86_64_17.0.8.v20230801-1951\jre\bin\VCRUNTIME140.dll
0x00007ffc08080000 - 0x00007ffc0822e000 	C:\WINDOWS\System32\USER32.dll
0x00007ffc06400000 - 0x00007ffc06426000 	C:\WINDOWS\System32\win32u.dll
0x00007ffc07640000 - 0x00007ffc07669000 	C:\WINDOWS\System32\GDI32.dll
0x00007ffc06550000 - 0x00007ffc06668000 	C:\WINDOWS\System32\gdi32full.dll
0x00007ffc062e0000 - 0x00007ffc0637a000 	C:\WINDOWS\System32\msvcp_win.dll
0x00007ffbe3400000 - 0x00007ffbe3693000 	C:\WINDOWS\WinSxS\amd64_microsoft.windows.common-controls_6595b64144ccf1df_6.0.22621.2215_none_270d72677387dfc3\COMCTL32.dll
0x00007ffc087d0000 - 0x00007ffc08801000 	C:\WINDOWS\System32\IMM32.DLL
0x00007ffbec870000 - 0x00007ffbec87c000 	C:\Users\joice\.p2\pool\plugins\org.eclipse.justj.openjdk.hotspot.jre.full.win32.x86_64_17.0.8.v20230801-1951\jre\bin\vcruntime140_1.dll
0x00007ffbc73c0000 - 0x00007ffbc7451000 	C:\Users\joice\.p2\pool\plugins\org.eclipse.justj.openjdk.hotspot.jre.full.win32.x86_64_17.0.8.v20230801-1951\jre\bin\msvcp140.dll
0x00007ffb750a0000 - 0x00007ffb75cec000 	C:\Users\joice\.p2\pool\plugins\org.eclipse.justj.openjdk.hotspot.jre.full.win32.x86_64_17.0.8.v20230801-1951\jre\bin\server\jvm.dll
0x00007ffbf80c0000 - 0x00007ffbf80c9000 	C:\WINDOWS\SYSTEM32\WSOCK32.dll
0x00007ffc066e0000 - 0x00007ffc06751000 	C:\WINDOWS\System32\WS2_32.dll
0x00007ffbfeff0000 - 0x00007ffbff024000 	C:\WINDOWS\SYSTEM32\WINMM.dll
0x00007ffbfecf0000 - 0x00007ffbfecfa000 	C:\WINDOWS\SYSTEM32\VERSION.dll
0x00007ffc05bd0000 - 0x00007ffc05c1d000 	C:\WINDOWS\SYSTEM32\POWRPROF.dll
0x00007ffc05bb0000 - 0x00007ffc05bc3000 	C:\WINDOWS\SYSTEM32\UMPDC.dll
0x00007ffc04d00000 - 0x00007ffc04d18000 	C:\WINDOWS\SYSTEM32\kernel.appcore.dll
0x00007ffbc7cc0000 - 0x00007ffbc7cca000 	C:\Users\joice\.p2\pool\plugins\org.eclipse.justj.openjdk.hotspot.jre.full.win32.x86_64_17.0.8.v20230801-1951\jre\bin\jimage.dll
0x00007ffc03820000 - 0x00007ffc03a4e000 	C:\WINDOWS\SYSTEM32\DBGHELP.DLL
0x00007ffc079b0000 - 0x00007ffc07d3a000 	C:\WINDOWS\System32\combase.dll
0x00007ffc067c0000 - 0x00007ffc06897000 	C:\WINDOWS\System32\OLEAUT32.dll
0x00007ffbfc8a0000 - 0x00007ffbfc8d2000 	C:\WINDOWS\SYSTEM32\dbgcore.DLL
0x00007ffc06380000 - 0x00007ffc063fa000 	C:\WINDOWS\System32\bcryptPrimitives.dll
0x00007ffbc4dc0000 - 0x00007ffbc4de5000 	C:\Users\joice\.p2\pool\plugins\org.eclipse.justj.openjdk.hotspot.jre.full.win32.x86_64_17.0.8.v20230801-1951\jre\bin\java.dll

dbghelp: loaded successfully - version: 4.0.5 - missing functions: none
symbol engine: initialized successfully - sym options: 0x614 - pdb path: .;C:\Users\joice\.p2\pool\plugins\org.eclipse.justj.openjdk.hotspot.jre.full.win32.x86_64_17.0.8.v20230801-1951\jre\bin;C:\WINDOWS\SYSTEM32;C:\Program Files\Norton Security\NortonData\22.23.5.106\Definitions\IPSDefs\20231012.001;C:\WINDOWS\WinSxS\amd64_microsoft.windows.common-controls_6595b64144ccf1df_6.0.22621.2215_none_270d72677387dfc3;C:\Users\joice\.p2\pool\plugins\org.eclipse.justj.openjdk.hotspot.jre.full.win32.x86_64_17.0.8.v20230801-1951\jre\bin\server

VM Arguments:
jvm_args: -Dfile.encoding=UTF-8 -XX:+ShowCodeDetailsInExceptionMessages 
java_command: principal.Main
java_class_path (initial): C:\Users\joice\OneDrive\Documentos\agenciaViagensJava\AgenciaViagens\bin;C:\Users\joice\OneDrive\Documentos\agenciaViagensJava\AgenciaViagens\mysql-connector-j-8.0.33.jar
Launcher Type: SUN_STANDARD

[Global flags]
     intx CICompilerCount                          = 3                                         {product} {ergonomic}
     uint ConcGCThreads                            = 1                                         {product} {ergonomic}
     uint G1ConcRefinementThreads                  = 4                                         {product} {ergonomic}
   size_t G1HeapRegionSize                         = 1048576                                   {product} {ergonomic}
    uintx GCDrainStackTargetSize                   = 64                                        {product} {ergonomic}
   size_t InitialHeapSize                          = 132120576                                 {product} {ergonomic}
   size_t MarkStackSize                            = 4194304                                   {product} {ergonomic}
   size_t MaxHeapSize                              = 2086666240                                {product} {ergonomic}
   size_t MinHeapDeltaBytes                        = 1048576                                   {product} {ergonomic}
   size_t MinHeapSize                              = 8388608                                   {product} {ergonomic}
    uintx NonNMethodCodeHeapSize                   = 5832780                                {pd product} {ergonomic}
    uintx NonProfiledCodeHeapSize                  = 122912730                              {pd product} {ergonomic}
    uintx ProfiledCodeHeapSize                     = 122912730                              {pd product} {ergonomic}
    uintx ReservedCodeCacheSize                    = 251658240                              {pd product} {ergonomic}
     bool SegmentedCodeCache                       = true                                      {product} {ergonomic}
     bool ShowCodeDetailsInExceptionMessages       = true                                   {manageable} {command line}
   size_t SoftMaxHeapSize                          = 2086666240                             {manageable} {ergonomic}
     bool UseCompressedClassPointers               = true                           {product lp64_product} {ergonomic}
     bool UseCompressedOops                        = true                           {product lp64_product} {ergonomic}
     bool UseG1GC                                  = true                                      {product} {ergonomic}
     bool UseLargePagesIndividualAllocation        = false                                  {pd product} {ergonomic}

Logging:
Log output configuration:
 #0: stdout all=warning uptime,level,tags
 #1: stderr all=off uptime,level,tags

Environment Variables:
JAVA_HOME=C:\Users\joice\OneDrive\Imagens\Área de Trabalho\javas\zulu17.44.15-ca-jdk17.0.8-win_x64
PATH=C:/Users/joice/.p2/pool/plugins/org.eclipse.justj.openjdk.hotspot.jre.full.win32.x86_64_17.0.8.v20230801-1951/jre/bin/server;C:/Users/joice/.p2/pool/plugins/org.eclipse.justj.openjdk.hotspot.jre.full.win32.x86_64_17.0.8.v20230801-1951/jre/bin;C:\Users\joice\OneDrive\Imagens\Área de Trabalho\javas\zulu17.44.15-ca-jdk17.0.8-win_x64\bin;C:\Program Files (x86)\Common Files\Oracle\Java\javapath;C:\WINDOWS\system32;C:\WINDOWS;C:\WINDOWS\System32\Wbem;C:\WINDOWS\System32\WindowsPowerShell\v1.0\;C:\WINDOWS\System32\OpenSSH\;C:\Program Files\dotnet\;C:\Program Files\Git\cmd;C:\Program Files\nodejs\;C:\Program Files\MySQL\MySQL Shell 8.0\bin\;C:\Users\joice\AppData\Local\Microsoft\WindowsApps;C:\Users\joice\AppData\Local\Programs\Microsoft VS Code\bin;C:\Users\joice\AppData\Local\GitHubDesktop\bin;C:\Users\joice\AppData\Roaming\npm;C:\WINDOWS\system32;
USERNAME=joice
OS=Windows_NT
PROCESSOR_IDENTIFIER=Intel64 Family 6 Model 126 Stepping 5, GenuineIntel
TMP=C:\Users\joice\AppData\Local\Temp
TEMP=C:\Users\joice\AppData\Local\Temp



---------------  S Y S T E M  ---------------

OS:
 Windows 11 , 64 bit Build 22621 (10.0.22621.2215)
OS uptime: 2 days 9:07 hours

CPU: total 4 (initial active 4) (2 cores per cpu, 2 threads per core) family 6 model 126 stepping 5 microcode 0xbc, cx8, cmov, fxsr, ht, mmx, 3dnowpref, sse, sse2, sse3, ssse3, sse4.1, sse4.2, popcnt, lzcnt, tsc, tscinvbit, avx, avx2, aes, erms, clmul, bmi1, bmi2, adx, avx512f, avx512dq, avx512cd, avx512bw, avx512vl, sha, fma, vzeroupper, avx512_vpopcntdq, avx512_vpclmulqdq, avx512_vaes, avx512_vnni, clflush, clflushopt, avx512_vbmi2, avx512_vbmi
Processor Information for all 4 processors :
  Max Mhz: 1190, Current Mhz: 1190, Mhz Limit: 1190

Memory: 4k page, system-wide physical 7958M (762M free)
TotalPageFile size 32534M (AvailPageFile size 118M)
current process WorkingSet (physical memory assigned to process): 12M, peak: 12M
current process commit charge ("private bytes"): 52M, peak: 178M

vm_info: OpenJDK 64-Bit Server VM (17.0.8+7) for windows-amd64 JRE (17.0.8+7), built on Jul 18 2023 21:02:32 by "admin" with MS VC++ 16.7 (VS2019)

END.
